000.000 =============================================================
000.000                     Station A                               
000.000 -------------------------------------------------------------
000.000 Protocol.lib, version 4.0, jiangyanjun0718@bupt.edu.cn
000.000 Channel: 8000 bps, 270 ms propagation delay, bit error rate 1.0E-04
000.000 Log file "D:\Users\SevenGrass\Documents\WILLIAMZHANG\ComputerNetwork\Lab\Lab1-2024(Win+Linux)\Lab1-Windows-VS2019\x64-Debug\datalink-A.log", TCP port 59144, debug mask 0x01
000.000 Station A is waiting for station B on TCP port 59144 ... Done.
000.619 New epoch: Sat May 18 17:29:14 2024
000.620 =================================================================
000.620 
000.620 Designed by Zhang Chenyang, build: May 18 2024  14:20:05
004.100 .... 2 packets received, 1274 bps, 15.92%, Err 3 (1.1e-04)
006.476 .... 9 packets received, 3297 bps, 41.21%, Err 5 (1.1e-04)
009.425 .... 15 packets received, 3597 bps, 44.96%, Err 8 (1.1e-04)
011.566 .... 20 packets received, 3834 bps, 47.93%, Err 10 (1.1e-04)
013.656 .... 26 packets received, 4169 bps, 52.11%, Err 10 (9.6e-05)
016.613 .... 32 packets received, 4167 bps, 52.08%, Err 13 (1.0e-04)
018.710 .... 42 packets received, 4825 bps, 60.32%, Err 14 (9.7e-05)
020.823 .... 46 packets received, 4725 bps, 59.06%, Err 16 (9.9e-05)
023.218 .... 49 packets received, 4493 bps, 56.17%, Err 18 (1.0e-04)
025.335 .... 55 packets received, 4607 bps, 57.58%, Err 19 (9.6e-05)
028.529 .... 58 packets received, 4297 bps, 53.71%, Err 22 (9.9e-05)
030.660 .... 67 packets received, 4608 bps, 57.60%, Err 22 (9.2e-05)
033.612 .... 70 packets received, 4380 bps, 54.75%, Err 27 (1.0e-04)
035.713 .... 78 packets received, 4587 bps, 57.33%, Err 29 (1.0e-04)
038.105 .... 79 packets received, 4347 bps, 54.33%, Err 33 (1.1e-04)
040.765 .... 84 packets received, 4314 bps, 53.92%, Err 35 (1.1e-04)
043.213 .... 90 packets received, 4354 bps, 54.43%, Err 36 (1.1e-04)
045.301 .... 94 packets received, 4334 bps, 54.18%, Err 37 (1.0e-04)
047.434 .... 101 packets received, 4444 bps, 55.54%, Err 39 (1.0e-04)
050.620 .... 109 packets received, 4488 bps, 56.10%, Err 40 (1.0e-04)
052.980 .... 117 packets received, 4600 bps, 57.49%, Err 41 (9.8e-05)
056.227 .... 125 packets received, 4626 bps, 57.82%, Err 45 (1.0e-04)
059.128 .... 132 packets received, 4641 bps, 58.02%, Err 47 (1.0e-04)
061.258 .... 141 packets received, 4783 bps, 59.79%, Err 48 (9.9e-05)
063.425 .... 149 packets received, 4879 bps, 60.99%, Err 49 (9.8e-05)
067.913 .... 153 packets received, 4675 bps, 58.43%, Err 52 (9.7e-05)
070.063 .... 165 packets received, 4885 bps, 61.06%, Err 53 (9.5e-05)
074.303 .... 172 packets received, 4798 bps, 59.97%, Err 59 (1.0e-04)
078.019 .... 179 packets received, 4753 bps, 59.41%, Err 64 (1.0e-04)
081.489 .... 186 packets received, 4726 bps, 59.07%, Err 66 (1.0e-04)
083.619 .... 197 packets received, 4876 bps, 60.96%, Err 66 (9.9e-05)
085.751 .... 205 packets received, 4947 bps, 61.84%, Err 67 (9.8e-05)
089.181 .... 212 packets received, 4917 bps, 61.47%, Err 69 (9.7e-05)
091.291 .... 220 packets received, 4984 bps, 62.30%, Err 73 (1.0e-04)
093.971 .... 221 packets received, 4862 bps, 60.78%, Err 74 (9.9e-05)
096.895 .... 231 packets received, 4927 bps, 61.59%, Err 77 (1.0e-04)
099.841 .... 235 packets received, 4864 bps, 60.79%, Err 78 (9.8e-05)
101.982 .... 245 packets received, 4963 bps, 62.04%, Err 78 (9.6e-05)
104.338 .... 248 packets received, 4909 bps, 61.37%, Err 81 (9.8e-05)
107.573 .... 253 packets received, 4857 bps, 60.71%, Err 85 (9.9e-05)
111.008 .... 262 packets received, 4872 bps, 60.91%, Err 88 (1.0e-04)
113.929 .... 270 packets received, 4892 bps, 61.14%, Err 89 (9.8e-05)
116.095 .... 276 packets received, 4906 bps, 61.33%, Err 92 (1.0e-04)
118.198 .... 284 packets received, 4958 bps, 61.97%, Err 94 (1.0e-04)
120.336 .... 290 packets received, 4972 bps, 62.15%, Err 95 (9.9e-05)
122.712 .... 294 packets received, 4942 bps, 61.78%, Err 98 (1.0e-04)
124.847 .... 303 packets received, 5006 bps, 62.57%, Err 99 (1.0e-04)
127.519 .... 308 packets received, 4981 bps, 62.26%, Err 102 (1.0e-04)
130.194 .... 311 packets received, 4926 bps, 61.57%, Err 104 (1.0e-04)
132.319 .... 322 packets received, 5017 bps, 62.72%, Err 105 (1.0e-04)
134.968 .... 325 packets received, 4964 bps, 62.05%, Err 108 (1.0e-04)
138.420 .... 331 packets received, 4929 bps, 61.61%, Err 111 (1.0e-04)
140.579 .... 341 packets received, 4999 bps, 62.49%, Err 112 (1.0e-04)
143.488 .... 347 packets received, 4983 bps, 62.29%, Err 115 (1.0e-04)
146.675 .... 356 packets received, 5001 bps, 62.51%, Err 117 (1.0e-04)
149.326 .... 362 packets received, 4994 bps, 62.43%, Err 119 (1.0e-04)
151.473 .... 371 packets received, 5046 bps, 63.07%, Err 120 (9.9e-05)
153.849 .... 375 packets received, 5021 bps, 62.76%, Err 122 (1.0e-04)
155.952 .... 379 packets received, 5005 bps, 62.57%, Err 124 (1.0e-04)
158.128 .... 383 packets received, 4988 bps, 62.35%, Err 126 (1.0e-04)
161.555 .... 391 packets received, 4984 bps, 62.30%, Err 129 (1.0e-04)
163.990 .... 398 packets received, 4997 bps, 62.47%, Err 129 (9.9e-05)
166.152 .... 403 packets received, 4994 bps, 62.42%, Err 132 (1.0e-04)
169.544 .... 408 packets received, 4954 bps, 61.93%, Err 135 (1.0e-04)
171.677 .... 418 packets received, 5012 bps, 62.65%, Err 135 (9.9e-05)
173.807 .... 425 packets received, 5033 bps, 62.92%, Err 135 (9.7e-05)
176.964 .... 429 packets received, 4990 bps, 62.37%, Err 139 (9.9e-05)
179.117 .... 435 packets received, 4998 bps, 62.48%, Err 141 (9.9e-05)
181.236 .... 446 packets received, 5065 bps, 63.31%, Err 141 (9.8e-05)
183.399 .... 450 packets received, 5049 bps, 63.12%, Err 143 (9.8e-05)
186.070 .... 459 packets received, 5076 bps, 63.45%, Err 145 (9.8e-05)
188.716 .... 463 packets received, 5048 bps, 63.10%, Err 147 (9.8e-05)
191.641 .... 470 packets received, 5046 bps, 63.08%, Err 149 (9.8e-05)
194.347 .... 477 packets received, 5050 bps, 63.12%, Err 151 (9.7e-05)
196.465 .... 478 packets received, 5005 bps, 62.57%, Err 158 (1.0e-04)
199.397 .... 481 packets received, 4962 bps, 62.03%, Err 161 (1.0e-04)
201.489 .... 489 packets received, 4992 bps, 62.40%, Err 161 (1.0e-04)
204.669 .... 496 packets received, 4985 bps, 62.31%, Err 163 (1.0e-04)
206.815 .... 500 packets received, 4973 bps, 62.16%, Err 165 (1.0e-04)
208.942 .... 503 packets received, 4951 bps, 61.89%, Err 169 (1.0e-04)
212.653 .... 507 packets received, 4903 bps, 61.29%, Err 173 (1.0e-04)
213.550 TCP Disconnected.
