000.000 =============================================================
000.000                     Station B                               
000.000 -------------------------------------------------------------
000.000 Protocol.lib, version 4.0, jiangyanjun0718@bupt.edu.cn
000.000 Channel: 8000 bps, 270 ms propagation delay, bit error rate 1.0E-04
000.000 Log file "D:\Users\SevenGrass\Documents\WILLIAMZHANG\ComputerNetwork\Lab\Lab1-2024(Win+Linux)\Lab1-Windows-VS2019\x64-Debug\datalink-B.log", TCP port 59144, debug mask 0x01
000.000 Station B is connecting station A (TCP port 59144) ... Done.
000.619 New epoch: Sat May 18 17:29:14 2024
000.620 =================================================================
000.620 
000.620 Designed by Zhang Chenyang, build: May 18 2024  14:20:05
005.179 .... 4 packets received, 1907 bps, 23.84%, Err 4 (1.1e-04)
008.107 .... 13 packets received, 3686 bps, 46.08%, Err 6 (1.0e-04)
010.264 .... 18 packets received, 3930 bps, 49.13%, Err 8 (1.0e-04)
012.380 .... 20 packets received, 3563 bps, 44.54%, Err 10 (1.1e-04)
015.803 .... 31 packets received, 4256 bps, 53.19%, Err 11 (9.1e-05)
018.230 .... 39 packets received, 4605 bps, 57.56%, Err 14 (1.0e-04)
020.870 .... 49 packets received, 5021 bps, 62.76%, Err 15 (9.3e-05)
023.513 .... 52 packets received, 4706 bps, 58.83%, Err 17 (9.3e-05)
027.015 .... 61 packets received, 4781 bps, 59.76%, Err 21 (1.0e-04)
029.401 .... 64 packets received, 4596 bps, 57.45%, Err 23 (1.0e-04)
032.048 .... 72 packets received, 4732 bps, 59.15%, Err 23 (9.2e-05)
034.715 .... 74 packets received, 4480 bps, 56.00%, Err 26 (9.5e-05)
036.848 .... 84 packets received, 4783 bps, 59.79%, Err 27 (9.3e-05)
040.858 .... 90 packets received, 4611 bps, 57.64%, Err 33 (1.0e-04)
043.800 .... 98 packets received, 4677 bps, 58.46%, Err 34 (9.9e-05)
046.731 .... 103 packets received, 4601 bps, 57.51%, Err 38 (1.0e-04)
049.638 .... 111 packets received, 4663 bps, 58.28%, Err 40 (1.0e-04)
051.726 .... 122 packets received, 4914 bps, 61.43%, Err 41 (1.0e-04)
054.924 .... 125 packets received, 4737 bps, 59.22%, Err 44 (1.0e-04)
057.065 .... 134 packets received, 4885 bps, 61.06%, Err 47 (1.0e-04)
059.175 .... 137 packets received, 4813 bps, 60.17%, Err 49 (1.0e-04)
061.305 .... 141 packets received, 4779 bps, 59.74%, Err 50 (1.0e-04)
064.220 .... 145 packets received, 4689 bps, 58.61%, Err 53 (1.0e-04)
067.678 .... 153 packets received, 4691 bps, 58.64%, Err 57 (1.1e-04)
069.798 .... 159 packets received, 4725 bps, 59.06%, Err 58 (1.0e-04)
071.893 .... 171 packets received, 4932 bps, 61.65%, Err 60 (1.1e-04)
075.126 .... 176 packets received, 4855 bps, 60.69%, Err 62 (1.0e-04)
078.050 .... 186 packets received, 4936 bps, 61.71%, Err 63 (1.0e-04)
080.444 .... 192 packets received, 4942 bps, 61.78%, Err 66 (1.0e-04)
086.292 .... 193 packets received, 4628 bps, 57.85%, Err 69 (1.0e-04)
088.375 .... 205 packets received, 4799 bps, 59.98%, Err 69 (9.8e-05)
090.770 .... 209 packets received, 4762 bps, 59.52%, Err 73 (1.0e-04)
093.459 .... 218 packets received, 4823 bps, 60.28%, Err 75 (1.0e-04)
095.560 .... 222 packets received, 4802 bps, 60.03%, Err 76 (1.0e-04)
097.953 .... 229 packets received, 4832 bps, 60.39%, Err 77 (9.9e-05)
100.106 .... 235 packets received, 4851 bps, 60.63%, Err 78 (9.8e-05)
102.464 .... 237 packets received, 4778 bps, 59.73%, Err 82 (1.0e-04)
104.616 .... 244 packets received, 4817 bps, 60.22%, Err 82 (9.9e-05)
107.277 .... 249 packets received, 4793 bps, 59.91%, Err 84 (9.8e-05)
110.449 .... 255 packets received, 4766 bps, 59.58%, Err 87 (9.9e-05)
113.370 .... 260 packets received, 4734 bps, 59.17%, Err 89 (9.9e-05)
116.050 .... 262 packets received, 4659 bps, 58.24%, Err 92 (1.0e-04)
118.198 .... 270 packets received, 4714 bps, 58.92%, Err 95 (1.0e-04)
120.828 .... 274 packets received, 4678 bps, 58.48%, Err 98 (1.0e-04)
122.976 .... 282 packets received, 4730 bps, 59.13%, Err 99 (1.0e-04)
125.624 .... 284 packets received, 4663 bps, 58.28%, Err 102 (1.0e-04)
127.990 .... 292 packets received, 4705 bps, 58.81%, Err 103 (1.0e-04)
130.657 .... 297 packets received, 4687 bps, 58.59%, Err 105 (1.0e-04)
133.311 .... 301 packets received, 4655 bps, 58.19%, Err 106 (1.0e-04)
135.451 .... 311 packets received, 4733 bps, 59.16%, Err 106 (9.8e-05)
138.653 .... 313 packets received, 4653 bps, 58.16%, Err 110 (1.0e-04)
142.351 .... 321 packets received, 4647 bps, 58.09%, Err 113 (1.0e-04)
145.558 .... 331 packets received, 4686 bps, 58.57%, Err 116 (1.0e-04)
148.456 .... 336 packets received, 4663 bps, 58.29%, Err 119 (1.0e-04)
150.862 .... 344 packets received, 4697 bps, 58.72%, Err 120 (1.0e-04)
152.980 .... 353 packets received, 4753 bps, 59.42%, Err 121 (9.9e-05)
155.373 .... 358 packets received, 4746 bps, 59.32%, Err 122 (9.9e-05)
158.299 .... 365 packets received, 4749 bps, 59.36%, Err 126 (1.0e-04)
161.525 .... 371 packets received, 4730 bps, 59.12%, Err 131 (1.0e-04)
163.647 .... 375 packets received, 4719 bps, 58.98%, Err 133 (1.0e-04)
166.306 .... 380 packets received, 4705 bps, 58.81%, Err 134 (1.0e-04)
170.307 .... 389 packets received, 4702 bps, 58.78%, Err 136 (1.0e-04)
172.408 .... 399 packets received, 4764 bps, 59.55%, Err 138 (1.0e-04)
174.819 .... 402 packets received, 4733 bps, 59.17%, Err 140 (1.0e-04)
177.453 .... 410 packets received, 4756 bps, 59.44%, Err 143 (1.0e-04)
180.381 .... 416 packets received, 4746 bps, 59.33%, Err 146 (1.0e-04)
182.796 .... 423 packets received, 4762 bps, 59.53%, Err 149 (1.0e-04)
184.916 .... 429 packets received, 4774 bps, 59.68%, Err 150 (1.0e-04)
187.842 .... 433 packets received, 4743 bps, 59.29%, Err 154 (1.0e-04)
190.505 .... 437 packets received, 4720 bps, 59.00%, Err 155 (1.0e-04)
193.426 .... 446 packets received, 4744 bps, 59.30%, Err 160 (1.0e-04)
195.811 .... 448 packets received, 4707 bps, 58.84%, Err 161 (1.0e-04)
197.983 .... 457 packets received, 4749 bps, 59.36%, Err 161 (1.0e-04)
200.087 .... 465 packets received, 4781 bps, 59.76%, Err 161 (1.0e-04)
203.566 .... 473 packets received, 4779 bps, 59.74%, Err 164 (1.0e-04)
207.034 .... 480 packets received, 4769 bps, 59.61%, Err 173 (1.0e-04)
209.435 .... 483 packets received, 4743 bps, 59.29%, Err 173 (1.0e-04)
211.840 .... 492 packets received, 4776 bps, 59.71%, Err 175 (1.0e-04)
